CRITICAL - 2021-07-29 00:07:14 --> foreach() argument must be of type array|object, string given
#0 C:\xampp\htdocs\magang-main\app\Views\subbahan\kertas.php(34): CodeIgniter\Debug\Exceptions->errorHandler(2, 'foreach() argum...', 'C:\\xampp\\htdocs...', 34)
#1 C:\xampp\htdocs\magang-main\system\View\View.php(230): include('C:\\xampp\\htdocs...')
#2 C:\xampp\htdocs\magang-main\system\View\View.php(232): CodeIgniter\View\View->CodeIgniter\View\{closure}()
#3 C:\xampp\htdocs\magang-main\system\Common.php(1271): CodeIgniter\View\View->render('subbahan/Kertas', Array, true)
#4 C:\xampp\htdocs\magang-main\app\Controllers\Supplier.php(23): view('subbahan/Kertas', Array)
#5 C:\xampp\htdocs\magang-main\system\CodeIgniter.php(928): App\Controllers\Supplier->Kertas()
#6 C:\xampp\htdocs\magang-main\system\CodeIgniter.php(436): CodeIgniter\CodeIgniter->runController(Object(App\Controllers\Supplier))
#7 C:\xampp\htdocs\magang-main\system\CodeIgniter.php(336): CodeIgniter\CodeIgniter->handleRequest(NULL, Object(Config\Cache), false)
#8 C:\xampp\htdocs\magang-main\public\index.php(37): CodeIgniter\CodeIgniter->run()
#9 C:\xampp\htdocs\magang-main\system\Commands\Server\rewrite.php(45): require_once('C:\\xampp\\htdocs...')
#10 {main}
CRITICAL - 2021-07-29 00:08:59 --> Undefined variable $k
#0 C:\xampp\htdocs\magang-main\app\Views\subbahan\kertas.php(37): CodeIgniter\Debug\Exceptions->errorHandler(2, 'Undefined varia...', 'C:\\xampp\\htdocs...', 37)
#1 C:\xampp\htdocs\magang-main\system\View\View.php(230): include('C:\\xampp\\htdocs...')
#2 C:\xampp\htdocs\magang-main\system\View\View.php(232): CodeIgniter\View\View->CodeIgniter\View\{closure}()
#3 C:\xampp\htdocs\magang-main\system\Common.php(1271): CodeIgniter\View\View->render('subbahan/Kertas', Array, true)
#4 C:\xampp\htdocs\magang-main\app\Controllers\Supplier.php(23): view('subbahan/Kertas', Array)
#5 C:\xampp\htdocs\magang-main\system\CodeIgniter.php(928): App\Controllers\Supplier->Kertas()
#6 C:\xampp\htdocs\magang-main\system\CodeIgniter.php(436): CodeIgniter\CodeIgniter->runController(Object(App\Controllers\Supplier))
#7 C:\xampp\htdocs\magang-main\system\CodeIgniter.php(336): CodeIgniter\CodeIgniter->handleRequest(NULL, Object(Config\Cache), false)
#8 C:\xampp\htdocs\magang-main\public\index.php(37): CodeIgniter\CodeIgniter->run()
#9 C:\xampp\htdocs\magang-main\system\Commands\Server\rewrite.php(45): require_once('C:\\xampp\\htdocs...')
#10 {main}
CRITICAL - 2021-07-29 00:10:14 --> syntax error, unexpected token "<"
#0 C:\xampp\htdocs\magang-main\system\View\View.php(232): CodeIgniter\View\View->CodeIgniter\View\{closure}()
#1 C:\xampp\htdocs\magang-main\system\Common.php(1271): CodeIgniter\View\View->render('subbahan/Kertas', Array, true)
#2 C:\xampp\htdocs\magang-main\app\Controllers\Supplier.php(23): view('subbahan/Kertas', Array)
#3 C:\xampp\htdocs\magang-main\system\CodeIgniter.php(928): App\Controllers\Supplier->Kertas()
#4 C:\xampp\htdocs\magang-main\system\CodeIgniter.php(436): CodeIgniter\CodeIgniter->runController(Object(App\Controllers\Supplier))
#5 C:\xampp\htdocs\magang-main\system\CodeIgniter.php(336): CodeIgniter\CodeIgniter->handleRequest(NULL, Object(Config\Cache), false)
#6 C:\xampp\htdocs\magang-main\public\index.php(37): CodeIgniter\CodeIgniter->run()
#7 C:\xampp\htdocs\magang-main\system\Commands\Server\rewrite.php(45): require_once('C:\\xampp\\htdocs...')
#8 {main}
CRITICAL - 2021-07-29 00:12:39 --> foreach() argument must be of type array|object, string given
#0 C:\xampp\htdocs\magang-main\app\Views\subbahan\kertas.php(34): CodeIgniter\Debug\Exceptions->errorHandler(2, 'foreach() argum...', 'C:\\xampp\\htdocs...', 34)
#1 C:\xampp\htdocs\magang-main\system\View\View.php(230): include('C:\\xampp\\htdocs...')
#2 C:\xampp\htdocs\magang-main\system\View\View.php(232): CodeIgniter\View\View->CodeIgniter\View\{closure}()
#3 C:\xampp\htdocs\magang-main\system\Common.php(1271): CodeIgniter\View\View->render('subbahan/Kertas', Array, true)
#4 C:\xampp\htdocs\magang-main\app\Controllers\Supplier.php(23): view('subbahan/Kertas', Array)
#5 C:\xampp\htdocs\magang-main\system\CodeIgniter.php(928): App\Controllers\Supplier->Kertas()
#6 C:\xampp\htdocs\magang-main\system\CodeIgniter.php(436): CodeIgniter\CodeIgniter->runController(Object(App\Controllers\Supplier))
#7 C:\xampp\htdocs\magang-main\system\CodeIgniter.php(336): CodeIgniter\CodeIgniter->handleRequest(NULL, Object(Config\Cache), false)
#8 C:\xampp\htdocs\magang-main\public\index.php(37): CodeIgniter\CodeIgniter->run()
#9 C:\xampp\htdocs\magang-main\system\Commands\Server\rewrite.php(45): require_once('C:\\xampp\\htdocs...')
#10 {main}
CRITICAL - 2021-07-29 01:12:01 --> Undefined variable $result
#0 C:\xampp\htdocs\magang-main\app\Views\subbahan\kertas.php(34): CodeIgniter\Debug\Exceptions->errorHandler(2, 'Undefined varia...', 'C:\\xampp\\htdocs...', 34)
#1 C:\xampp\htdocs\magang-main\system\View\View.php(230): include('C:\\xampp\\htdocs...')
#2 C:\xampp\htdocs\magang-main\system\View\View.php(232): CodeIgniter\View\View->CodeIgniter\View\{closure}()
#3 C:\xampp\htdocs\magang-main\system\Common.php(1271): CodeIgniter\View\View->render('subbahan/Kertas', Array, true)
#4 C:\xampp\htdocs\magang-main\app\Controllers\Supplier.php(24): view('subbahan/Kertas', Array)
#5 C:\xampp\htdocs\magang-main\system\CodeIgniter.php(928): App\Controllers\Supplier->Kertas()
#6 C:\xampp\htdocs\magang-main\system\CodeIgniter.php(436): CodeIgniter\CodeIgniter->runController(Object(App\Controllers\Supplier))
#7 C:\xampp\htdocs\magang-main\system\CodeIgniter.php(336): CodeIgniter\CodeIgniter->handleRequest(NULL, Object(Config\Cache), false)
#8 C:\xampp\htdocs\magang-main\public\index.php(37): CodeIgniter\CodeIgniter->run()
#9 C:\xampp\htdocs\magang-main\system\Commands\Server\rewrite.php(45): require_once('C:\\xampp\\htdocs...')
#10 {main}
CRITICAL - 2021-07-29 01:48:20 --> syntax error, unexpected token "endif", expecting end of file
#0 C:\xampp\htdocs\magang-main\system\View\View.php(232): CodeIgniter\View\View->CodeIgniter\View\{closure}()
#1 C:\xampp\htdocs\magang-main\system\Common.php(1271): CodeIgniter\View\View->render('subbahan/Kertas', Array, true)
#2 C:\xampp\htdocs\magang-main\app\Controllers\Supplier.php(24): view('subbahan/Kertas', Array)
#3 C:\xampp\htdocs\magang-main\system\CodeIgniter.php(928): App\Controllers\Supplier->Kertas()
#4 C:\xampp\htdocs\magang-main\system\CodeIgniter.php(436): CodeIgniter\CodeIgniter->runController(Object(App\Controllers\Supplier))
#5 C:\xampp\htdocs\magang-main\system\CodeIgniter.php(336): CodeIgniter\CodeIgniter->handleRequest(NULL, Object(Config\Cache), false)
#6 C:\xampp\htdocs\magang-main\public\index.php(37): CodeIgniter\CodeIgniter->run()
#7 C:\xampp\htdocs\magang-main\system\Commands\Server\rewrite.php(45): require_once('C:\\xampp\\htdocs...')
#8 {main}
CRITICAL - 2021-07-29 02:22:57 --> Undefined variable $endSection
#0 C:\xampp\htdocs\magang-main\app\Views\subbahan\create.php(61): CodeIgniter\Debug\Exceptions->errorHandler(2, 'Undefined varia...', 'C:\\xampp\\htdocs...', 61)
#1 C:\xampp\htdocs\magang-main\system\View\View.php(230): include('C:\\xampp\\htdocs...')
#2 C:\xampp\htdocs\magang-main\system\View\View.php(232): CodeIgniter\View\View->CodeIgniter\View\{closure}()
#3 C:\xampp\htdocs\magang-main\system\Common.php(1271): CodeIgniter\View\View->render('subbahan/create', Array, true)
#4 C:\xampp\htdocs\magang-main\app\Controllers\Supplier.php(36): view('subbahan/create', Array)
#5 C:\xampp\htdocs\magang-main\system\CodeIgniter.php(928): App\Controllers\Supplier->create()
#6 C:\xampp\htdocs\magang-main\system\CodeIgniter.php(436): CodeIgniter\CodeIgniter->runController(Object(App\Controllers\Supplier))
#7 C:\xampp\htdocs\magang-main\system\CodeIgniter.php(336): CodeIgniter\CodeIgniter->handleRequest(NULL, Object(Config\Cache), false)
#8 C:\xampp\htdocs\magang-main\public\index.php(37): CodeIgniter\CodeIgniter->run()
#9 C:\xampp\htdocs\magang-main\system\Commands\Server\rewrite.php(45): require_once('C:\\xampp\\htdocs...')
#10 {main}
